0 info it worked if it ends with ok
1 verbose cli [ '/usr/bin/node', '/usr/bin/npm', 'run', 'build' ]
2 info using npm@3.5.2
3 info using node@v8.10.0
4 verbose run-script [ 'prebuild', 'build', 'postbuild' ]
5 info lifecycle reactpractice@1.0.0~prebuild: reactpractice@1.0.0
6 silly lifecycle reactpractice@1.0.0~prebuild: no script for prebuild, continuing
7 info lifecycle reactpractice@1.0.0~build: reactpractice@1.0.0
8 verbose lifecycle reactpractice@1.0.0~build: unsafe-perm in lifecycle true
9 verbose lifecycle reactpractice@1.0.0~build: PATH: /usr/share/npm/bin/node-gyp-bin:/home/pleiades/GitRepo/Node-Practice/react25/node_modules/.bin:/usr/local/sbin:/usr/local/bin:/usr/sbin:/usr/bin:/sbin:/bin:/usr/games:/usr/local/games:/usr/lib/jvm/jdk1.8.0_231/bin:/usr/lib/jvm/jdk1.8.0_231/db/bin:/usr/lib/jvm/jdk1.8.0_231/jre/bin:/snap/bin
10 verbose lifecycle reactpractice@1.0.0~build: CWD: /home/pleiades/GitRepo/Node-Practice/react25
11 silly lifecycle reactpractice@1.0.0~build: Args: [ '-c',
11 silly lifecycle   'npx webpack --mode development --config webpack.config.js && webpack-dev-server --hot --liveReload false' ]
12 silly lifecycle reactpractice@1.0.0~build: Returned: code: 1  signal: null
13 info lifecycle reactpractice@1.0.0~build: Failed to exec build script
14 verbose stack Error: reactpractice@1.0.0 build: `npx webpack --mode development --config webpack.config.js && webpack-dev-server --hot --liveReload false`
14 verbose stack Exit status 1
14 verbose stack     at EventEmitter.<anonymous> (/usr/share/npm/lib/utils/lifecycle.js:232:16)
14 verbose stack     at emitTwo (events.js:126:13)
14 verbose stack     at EventEmitter.emit (events.js:214:7)
14 verbose stack     at ChildProcess.<anonymous> (/usr/share/npm/lib/utils/spawn.js:24:14)
14 verbose stack     at emitTwo (events.js:126:13)
14 verbose stack     at ChildProcess.emit (events.js:214:7)
14 verbose stack     at maybeClose (internal/child_process.js:925:16)
14 verbose stack     at Process.ChildProcess._handle.onexit (internal/child_process.js:209:5)
15 verbose pkgid reactpractice@1.0.0
16 verbose cwd /home/pleiades/GitRepo/Node-Practice/react25
17 error Linux 5.0.0-37-generic
18 error argv "/usr/bin/node" "/usr/bin/npm" "run" "build"
19 error node v8.10.0
20 error npm  v3.5.2
21 error code ELIFECYCLE
22 error reactpractice@1.0.0 build: `npx webpack --mode development --config webpack.config.js && webpack-dev-server --hot --liveReload false`
22 error Exit status 1
23 error Failed at the reactpractice@1.0.0 build script 'npx webpack --mode development --config webpack.config.js && webpack-dev-server --hot --liveReload false'.
23 error Make sure you have the latest version of node.js and npm installed.
23 error If you do, this is most likely a problem with the reactpractice package,
23 error not with npm itself.
23 error Tell the author that this fails on your system:
23 error     npx webpack --mode development --config webpack.config.js && webpack-dev-server --hot --liveReload false
23 error You can get information on how to open an issue for this project with:
23 error     npm bugs reactpractice
23 error Or if that isn't available, you can get their info via:
23 error     npm owner ls reactpractice
23 error There is likely additional logging output above.
24 verbose exit [ 1, true ]
